<?xml version="1.0" encoding="UTF-8"?>
<!-- Generated by org.testng.reporters.JUnitXMLReporter -->
<testsuite ignored="0" hostname="Jwala" failures="0" tests="4" name="DesktopValidation" time="123.572" errors="0" timestamp="2022-10-29T23:20:59 IST">
  <testcase classname="com.TestCase.Testcase" name="NewRegistration" time="6.302"/>
  <testcase classname="com.TestCase.Testcase" name="NewRegistration" time="6.013"/>
  <testcase classname="com.TestCase.Testcase" name="Desktop_Order_CashOnDelivery" time="39.819"/>
  <testcase classname="com.TestCase.Testcase" name="Desktop_Order_CreditCard" time="40.756"/>
</testsuite> <!-- DesktopValidation -->
