<?xml version="1.0" encoding="UTF-8"?>
<!-- Generated by org.testng.reporters.JUnitXMLReporter -->
<testsuite ignored="0" hostname="Jwala" failures="0" tests="5" name="Verify that User is able to able to    create order and Participate in survey" time="132.694" errors="0" timestamp="2022-11-01T02:09:22 IST">
  <testcase classname="com.TestCase.Testcase" name="NewRegistration" time="6.333"/>
  <testcase classname="com.TestCase.Testcase" name="NewRegistration" time="6.717"/>
  <testcase classname="com.TestCase.Testcase" name="Desktop_Order_CashOnDelivery" time="41.301"/>
  <testcase classname="com.TestCase.Testcase" name="Desktop_Order_CreditCard" time="40.005"/>
  <testcase classname="com.TestCase.PollSurveyVerificationTest" name="PollSurvey" time="6.048"/>
</testsuite> <!-- Verify that User is able to able to    create order and Participate in survey -->
