<?xml version="1.0" encoding="UTF-8"?>
<testng-results ignored="0" total="5" passed="5" failed="0" skipped="0">
  <reporter-output>
  </reporter-output>
  <suite started-at="2022-11-01T02:07:08 IST" name="DemoWebshop" finished-at="2022-11-01T02:09:21 IST" duration-ms="132694">
    <groups>
    </groups>
    <test started-at="2022-11-01T02:07:08 IST" name="Verify that User is able to able to    create order and Participate in survey" finished-at="2022-11-01T02:09:21 IST" duration-ms="132694">
      <class name="com.TestCase.Testcase">
        <test-method is-config="true" signature="Setup()[pri:0, instance:com.TestCase.Testcase@235834f2]" started-at="2022-11-01T02:07:09 IST" name="Setup" finished-at="2022-11-01T02:07:16 IST" duration-ms="6409" status="PASS">
          <reporter-output>
          </reporter-output>
        </test-method> <!-- Setup -->
        <test-method signature="NewRegistration(java.lang.reflect.Method,java.lang.String,java.lang.String,java.lang.String,java.lang.String,java.lang.String,java.lang.String)[pri:1, instance:com.TestCase.Testcase@235834f2]" started-at="2022-11-01T02:07:16 IST" name="NewRegistration" description="New Registration Validation" data-provider="getData" finished-at="2022-11-01T02:07:22 IST" duration-ms="6333" status="PASS">
          <params>
            <param index="0">
              <value>
                <![CDATA[public void com.TestCase.Testcase.NewRegistration(java.lang.reflect.Method,java.lang.String,java.lang.String,java.lang.String,java.lang.String,java.lang.String,java.lang.String) throws java.lang.Exception]]>
              </value>
            </param>
            <param index="1">
              <value>
                <![CDATA[Female]]>
              </value>
            </param>
            <param index="2">
              <value>
                <![CDATA[Bhola]]>
              </value>
            </param>
            <param index="3">
              <value>
                <![CDATA[Singh]]>
              </value>
            </param>
            <param index="4">
              <value>
                <![CDATA[bholasingh@tosca.com]]>
              </value>
            </param>
            <param index="5">
              <value>
                <![CDATA[Testbhola1234]]>
              </value>
            </param>
            <param index="6">
              <value>
                <![CDATA[Testbhola1234]]>
              </value>
            </param>
          </params>
          <reporter-output>
          </reporter-output>
        </test-method> <!-- NewRegistration -->
        <test-method is-config="true" signature="teardown()[pri:0, instance:com.TestCase.Testcase@235834f2]" started-at="2022-11-01T02:07:22 IST" name="teardown" finished-at="2022-11-01T02:07:22 IST" duration-ms="225" status="PASS">
          <reporter-output>
          </reporter-output>
        </test-method> <!-- teardown -->
        <test-method is-config="true" signature="Setup()[pri:0, instance:com.TestCase.Testcase@235834f2]" started-at="2022-11-01T02:07:22 IST" name="Setup" finished-at="2022-11-01T02:07:29 IST" duration-ms="6745" status="PASS">
          <reporter-output>
          </reporter-output>
        </test-method> <!-- Setup -->
        <test-method signature="NewRegistration(java.lang.reflect.Method,java.lang.String,java.lang.String,java.lang.String,java.lang.String,java.lang.String,java.lang.String)[pri:1, instance:com.TestCase.Testcase@235834f2]" started-at="2022-11-01T02:07:29 IST" name="NewRegistration" description="New Registration Validation" data-provider="getData" finished-at="2022-11-01T02:07:36 IST" duration-ms="6717" status="PASS">
          <params>
            <param index="0">
              <value>
                <![CDATA[public void com.TestCase.Testcase.NewRegistration(java.lang.reflect.Method,java.lang.String,java.lang.String,java.lang.String,java.lang.String,java.lang.String,java.lang.String) throws java.lang.Exception]]>
              </value>
            </param>
            <param index="1">
              <value>
                <![CDATA[Male]]>
              </value>
            </param>
            <param index="2">
              <value>
                <![CDATA[Titli]]>
              </value>
            </param>
            <param index="3">
              <value>
                <![CDATA[Sharma]]>
              </value>
            </param>
            <param index="4">
              <value>
                <![CDATA[titlisharma123@tosca.com]]>
              </value>
            </param>
            <param index="5">
              <value>
                <![CDATA[Titli123]]>
              </value>
            </param>
            <param index="6">
              <value>
                <![CDATA[Titli123]]>
              </value>
            </param>
          </params>
          <reporter-output>
          </reporter-output>
        </test-method> <!-- NewRegistration -->
        <test-method is-config="true" signature="teardown()[pri:0, instance:com.TestCase.Testcase@235834f2]" started-at="2022-11-01T02:07:36 IST" name="teardown" finished-at="2022-11-01T02:07:36 IST" duration-ms="329" status="PASS">
          <reporter-output>
          </reporter-output>
        </test-method> <!-- teardown -->
        <test-method is-config="true" signature="Setup()[pri:0, instance:com.TestCase.Testcase@235834f2]" started-at="2022-11-01T02:07:36 IST" name="Setup" finished-at="2022-11-01T02:07:41 IST" duration-ms="5140" status="PASS">
          <reporter-output>
          </reporter-output>
        </test-method> <!-- Setup -->
        <test-method signature="Desktop_Order_CashOnDelivery(java.lang.reflect.Method,java.lang.String,java.lang.String,java.lang.String,java.lang.String,java.lang.String,java.lang.String,java.lang.String,java.lang.String,java.lang.String,java.lang.String,java.lang.String,java.lang.String,java.lang.String,java.lang.String)[pri:2, instance:com.TestCase.Testcase@235834f2]" started-at="2022-11-01T02:07:41 IST" name="Desktop_Order_CashOnDelivery" description="Desktop Cash on Delivery Validation" data-provider="Order_Desktop_CashOnDelivery" finished-at="2022-11-01T02:08:23 IST" duration-ms="41301" status="PASS">
          <params>
            <param index="0">
              <value>
                <![CDATA[public void com.TestCase.Testcase.Desktop_Order_CashOnDelivery(java.lang.reflect.Method,java.lang.String,java.lang.String,java.lang.String,java.lang.String,java.lang.String,java.lang.String,java.lang.String,java.lang.String,java.lang.String,java.lang.String,java.lang.String,java.lang.String,java.lang.String,java.lang.String) throws java.lang.Exception]]>
              </value>
            </param>
            <param index="1">
              <value>
                <![CDATA[bholasingh@tosca.com]]>
              </value>
            </param>
            <param index="2">
              <value>
                <![CDATA[Testbhola1234]]>
              </value>
            </param>
            <param index="3">
              <value>
                <![CDATA[Build your own expensive computer]]>
              </value>
            </param>
            <param index="4">
              <value>
                <![CDATA[Slow]]>
              </value>
            </param>
            <param index="5">
              <value>
                <![CDATA[4 GB]]>
              </value>
            </param>
            <param index="6">
              <value>
                <![CDATA[400 GB]]>
              </value>
            </param>
            <param index="7">
              <value>
                <![CDATA[Pwc]]>
              </value>
            </param>
            <param index="8">
              <value>
                <![CDATA[United States]]>
              </value>
            </param>
            <param index="9">
              <value>
                <![CDATA[Florida]]>
              </value>
            </param>
            <param index="10">
              <value>
                <![CDATA[AXA]]>
              </value>
            </param>
            <param index="11">
              <value>
                <![CDATA[Test NYL Address]]>
              </value>
            </param>
            <param index="12">
              <value>
                <![CDATA[10002.0]]>
              </value>
            </param>
            <param index="13">
              <value>
                <![CDATA[9.785206443E9]]>
              </value>
            </param>
            <param index="14">
              <value>
                <![CDATA[AirMethod]]>
              </value>
            </param>
          </params>
          <reporter-output>
          </reporter-output>
        </test-method> <!-- Desktop_Order_CashOnDelivery -->
        <test-method is-config="true" signature="teardown()[pri:0, instance:com.TestCase.Testcase@235834f2]" started-at="2022-11-01T02:08:23 IST" name="teardown" finished-at="2022-11-01T02:08:23 IST" duration-ms="316" status="PASS">
          <reporter-output>
          </reporter-output>
        </test-method> <!-- teardown -->
        <test-method is-config="true" signature="Setup()[pri:0, instance:com.TestCase.Testcase@235834f2]" started-at="2022-11-01T02:08:23 IST" name="Setup" finished-at="2022-11-01T02:08:30 IST" duration-ms="6307" status="PASS">
          <reporter-output>
          </reporter-output>
        </test-method> <!-- Setup -->
        <test-method signature="Desktop_Order_CreditCard(java.lang.reflect.Method,java.lang.String,java.lang.String,java.lang.String,java.lang.String,java.lang.String,java.lang.String,java.lang.String,java.lang.String,java.lang.String,java.lang.String,java.lang.String,java.lang.String,java.lang.String,java.lang.String,java.lang.String,java.lang.String)[pri:3, instance:com.TestCase.Testcase@235834f2]" started-at="2022-11-01T02:08:30 IST" name="Desktop_Order_CreditCard" description="Desktop order Credit Card Validation" data-provider="Order_Desktop_CreditCard" finished-at="2022-11-01T02:09:10 IST" duration-ms="40005" status="PASS">
          <params>
            <param index="0">
              <value>
                <![CDATA[public void com.TestCase.Testcase.Desktop_Order_CreditCard(java.lang.reflect.Method,java.lang.String,java.lang.String,java.lang.String,java.lang.String,java.lang.String,java.lang.String,java.lang.String,java.lang.String,java.lang.String,java.lang.String,java.lang.String,java.lang.String,java.lang.String,java.lang.String,java.lang.String,java.lang.String) throws java.lang.Exception]]>
              </value>
            </param>
            <param index="1">
              <value>
                <![CDATA[titlisharma123@tosca.com]]>
              </value>
            </param>
            <param index="2">
              <value>
                <![CDATA[Titli123]]>
              </value>
            </param>
            <param index="3">
              <value>
                <![CDATA[Build your own expensive computer]]>
              </value>
            </param>
            <param index="4">
              <value>
                <![CDATA[Slow]]>
              </value>
            </param>
            <param index="5">
              <value>
                <![CDATA[4 GB]]>
              </value>
            </param>
            <param index="6">
              <value>
                <![CDATA[400 GB]]>
              </value>
            </param>
            <param index="7">
              <value>
                <![CDATA[Pwc]]>
              </value>
            </param>
            <param index="8">
              <value>
                <![CDATA[United States]]>
              </value>
            </param>
            <param index="9">
              <value>
                <![CDATA[Florida]]>
              </value>
            </param>
            <param index="10">
              <value>
                <![CDATA[AXA]]>
              </value>
            </param>
            <param index="11">
              <value>
                <![CDATA[Test NYL Address]]>
              </value>
            </param>
            <param index="12">
              <value>
                <![CDATA[10003.0]]>
              </value>
            </param>
            <param index="13">
              <value>
                <![CDATA[9.785206443E9]]>
              </value>
            </param>
            <param index="14">
              <value>
                <![CDATA[GroundShip]]>
              </value>
            </param>
            <param index="15">
              <value>
                <![CDATA[Visa]]>
              </value>
            </param>
            <param index="16">
              <value>
                <![CDATA[Neeraj]]>
              </value>
            </param>
          </params>
          <reporter-output>
          </reporter-output>
        </test-method> <!-- Desktop_Order_CreditCard -->
        <test-method is-config="true" signature="teardown()[pri:0, instance:com.TestCase.Testcase@235834f2]" started-at="2022-11-01T02:09:10 IST" name="teardown" finished-at="2022-11-01T02:09:10 IST" duration-ms="358" status="PASS">
          <reporter-output>
          </reporter-output>
        </test-method> <!-- teardown -->
      </class> <!-- com.TestCase.Testcase -->
      <class name="com.TestCase.PollSurveyVerificationTest">
        <test-method is-config="true" signature="SetUp()[pri:0, instance:com.TestCase.PollSurveyVerificationTest@45752059]" started-at="2022-11-01T02:09:10 IST" name="SetUp" finished-at="2022-11-01T02:09:15 IST" duration-ms="4783" status="PASS">
          <reporter-output>
          </reporter-output>
        </test-method> <!-- SetUp -->
        <test-method signature="PollSurvey(java.lang.reflect.Method,java.lang.String,java.lang.String,java.lang.String)[pri:1, instance:com.TestCase.PollSurveyVerificationTest@45752059]" started-at="2022-11-01T02:09:15 IST" name="PollSurvey" description="Poll Survey on Order" data-provider="Poll_Survey" finished-at="2022-11-01T02:09:21 IST" duration-ms="6048" status="PASS">
          <params>
            <param index="0">
              <value>
                <![CDATA[public void com.TestCase.PollSurveyVerificationTest.PollSurvey(java.lang.reflect.Method,java.lang.String,java.lang.String,java.lang.String) throws java.lang.Exception]]>
              </value>
            </param>
            <param index="1">
              <value>
                <![CDATA[bholasingh@tosca.com]]>
              </value>
            </param>
            <param index="2">
              <value>
                <![CDATA[Testbhola1234]]>
              </value>
            </param>
            <param index="3">
              <value>
                <![CDATA[Excellent]]>
              </value>
            </param>
          </params>
          <reporter-output>
          </reporter-output>
        </test-method> <!-- PollSurvey -->
        <test-method is-config="true" signature="TearDown()[pri:0, instance:com.TestCase.PollSurveyVerificationTest@45752059]" started-at="2022-11-01T02:09:21 IST" name="TearDown" finished-at="2022-11-01T02:09:21 IST" duration-ms="295" status="PASS">
          <reporter-output>
          </reporter-output>
        </test-method> <!-- TearDown -->
      </class> <!-- com.TestCase.PollSurveyVerificationTest -->
    </test> <!-- Verify that User is able to able to    create order and Participate in survey -->
  </suite> <!-- DemoWebshop -->
</testng-results>
